<?xml version="1.0" encoding="UTF-8"?>
<testng-results skipped="0" failed="0" ignored="0" total="1" passed="1">
  <reporter-output>
  </reporter-output>
  <suite name="Suite" duration-ms="16110" started-at="2019-02-12T07:38:20Z" finished-at="2019-02-12T07:38:36Z">
    <groups>
    </groups>
    <test name="Test" duration-ms="16110" started-at="2019-02-12T07:38:20Z" finished-at="2019-02-12T07:38:36Z">
      <class name="com.test.ExpJenkinsMaven.OpenBrowser">
        <test-method status="PASS" signature="beforeTest()[pri:0, instance:com.test.ExpJenkinsMaven.OpenBrowser@380fb434]" name="beforeTest" is-config="true" duration-ms="12667" started-at="2019-02-12T13:08:20Z" finished-at="2019-02-12T13:08:33Z">
          <reporter-output>
          </reporter-output>
        </test-method> <!-- beforeTest -->
        <test-method status="PASS" signature="f()[pri:0, instance:com.test.ExpJenkinsMaven.OpenBrowser@380fb434]" name="f" duration-ms="1305" started-at="2019-02-12T13:08:33Z" finished-at="2019-02-12T13:08:34Z">
          <reporter-output>
          </reporter-output>
        </test-method> <!-- f -->
        <test-method status="PASS" signature="afterTest()[pri:0, instance:com.test.ExpJenkinsMaven.OpenBrowser@380fb434]" name="afterTest" is-config="true" duration-ms="2112" started-at="2019-02-12T13:08:34Z" finished-at="2019-02-12T13:08:36Z">
          <reporter-output>
          </reporter-output>
        </test-method> <!-- afterTest -->
      </class> <!-- com.test.ExpJenkinsMaven.OpenBrowser -->
    </test> <!-- Test -->
  </suite> <!-- Suite -->
</testng-results>
