<?xml version="1.0" encoding="UTF-8"?>
<testng-results skipped="0" failed="0" ignored="0" total="1" passed="1">
  <reporter-output>
  </reporter-output>
  <suite name="Default suite" duration-ms="18280" started-at="2019-02-12T07:10:11Z" finished-at="2019-02-12T07:10:29Z">
    <groups>
    </groups>
    <test name="Default test" duration-ms="18280" started-at="2019-02-12T07:10:11Z" finished-at="2019-02-12T07:10:29Z">
      <class name="com.test.ExpJenkinsMaven.OpenBrowser">
        <test-method status="PASS" signature="beforeTest()[pri:0, instance:com.test.ExpJenkinsMaven.OpenBrowser@ae45eb6]" name="beforeTest" is-config="true" duration-ms="16568" started-at="2019-02-12T12:40:11Z" finished-at="2019-02-12T12:40:27Z">
          <reporter-output>
          </reporter-output>
        </test-method> <!-- beforeTest -->
        <test-method status="PASS" signature="f()[pri:0, instance:com.test.ExpJenkinsMaven.OpenBrowser@ae45eb6]" name="f" duration-ms="1218" started-at="2019-02-12T12:40:27Z" finished-at="2019-02-12T12:40:29Z">
          <reporter-output>
          </reporter-output>
        </test-method> <!-- f -->
        <test-method status="PASS" signature="afterTest()[pri:0, instance:com.test.ExpJenkinsMaven.OpenBrowser@ae45eb6]" name="afterTest" is-config="true" duration-ms="466" started-at="2019-02-12T12:40:29Z" finished-at="2019-02-12T12:40:29Z">
          <reporter-output>
          </reporter-output>
        </test-method> <!-- afterTest -->
      </class> <!-- com.test.ExpJenkinsMaven.OpenBrowser -->
    </test> <!-- Default test -->
  </suite> <!-- Default suite -->
</testng-results>
